Arguments: 
  /usr/local/bin/node /Users/riclavers/.yarn/bin/yarn.js init

PATH: 
  /Users/riclavers/.yarn/bin:/Library/Frameworks/Python.framework/Versions/3.6/bin:/Users/riclavers/.rvm/gems/ruby-2.4.1/bin:/Users/riclavers/.rvm/gems/ruby-2.4.1@global/bin:/Users/riclavers/.rvm/rubies/ruby-2.4.1/bin:/usr/local/bin:/usr/bin:/bin:/usr/sbin:/sbin:/Applications/Postgres.app/Contents/Versions/latest/bin:/Users/riclavers/.rvm/bin:/Users/riclavers/.rvm/bin

Yarn version: 
  1.3.2

Node version: 
  8.9.1

Platform: 
  darwin x64

npm manifest: 
  No manifest

yarn manifest: 
  No manifest

Lockfile: 
  No lockfile

Trace: 
  Error: canceled
      at Interface.<anonymous> (/Users/riclavers/.yarn/lib/cli.js:121045:13)
      at emitNone (events.js:106:13)
      at Interface.emit (events.js:208:7)
      at Interface._ttyWrite (readline.js:775:16)
      at ReadStream.onkeypress (readline.js:160:10)
      at emitTwo (events.js:126:13)
      at ReadStream.emit (events.js:214:7)
      at emitKeys (internal/readline.js:420:14)
      at emitKeys.next (<anonymous>)
      at ReadStream.onData (readline.js:1011:36)
